0 info it worked if it ends with ok
1 verbose cli [ 'C:\\Program Files (x86)\\nodejs\\node.exe',
1 verbose cli   'C:\\Program Files (x86)\\nodejs\\node_modules\\npm\\bin\\npm-cli.js',
1 verbose cli   'run',
1 verbose cli   'dev' ]
2 info using npm@3.7.3
3 info using node@v5.8.0
4 verbose run-script [ 'predev', 'dev', 'postdev' ]
5 info lifecycle Administrator@1.0.0~predev: Administrator@1.0.0
6 silly lifecycle Administrator@1.0.0~predev: no script for predev, continuing
7 info lifecycle Administrator@1.0.0~dev: Administrator@1.0.0
8 verbose lifecycle Administrator@1.0.0~dev: unsafe-perm in lifecycle true
9 verbose lifecycle Administrator@1.0.0~dev: PATH: C:\Program Files (x86)\nodejs\node_modules\npm\bin\node-gyp-bin;C:\Users\Administrator\Desktop\dy\杨雄\7.17\node_modules\.bin;C:\Program Files (x86)\nodejs;C:\Windows\system32;C:\Windows;C:\Windows\System32\Wbem;C:\Windows\System32\WindowsPowerShell\v1.0\;C:\Program Files (x86)\nodejs\;C:\Program Files\TortoiseSVN\bin;C:\Users\Administrator\AppData\Roaming\npm
10 verbose lifecycle Administrator@1.0.0~dev: CWD: C:\Users\Administrator\Desktop\dy\杨雄\7.17
11 silly lifecycle Administrator@1.0.0~dev: Args: [ '/d /s /c', 'webpack' ]
12 silly lifecycle Administrator@1.0.0~dev: Returned: code: 1  signal: null
13 info lifecycle Administrator@1.0.0~dev: Failed to exec dev script
14 verbose stack Error: Administrator@1.0.0 dev: `webpack`
14 verbose stack Exit status 1
14 verbose stack     at EventEmitter.<anonymous> (C:\Program Files (x86)\nodejs\node_modules\npm\lib\utils\lifecycle.js:239:16)
14 verbose stack     at emitTwo (events.js:100:13)
14 verbose stack     at EventEmitter.emit (events.js:185:7)
14 verbose stack     at ChildProcess.<anonymous> (C:\Program Files (x86)\nodejs\node_modules\npm\lib\utils\spawn.js:24:14)
14 verbose stack     at emitTwo (events.js:100:13)
14 verbose stack     at ChildProcess.emit (events.js:185:7)
14 verbose stack     at maybeClose (internal/child_process.js:850:16)
14 verbose stack     at Process.ChildProcess._handle.onexit (internal/child_process.js:215:5)
15 verbose pkgid Administrator@1.0.0
16 verbose cwd C:\Users\Administrator\Desktop\dy\杨雄\7.17
17 error Windows_NT 6.1.7601
18 error argv "C:\\Program Files (x86)\\nodejs\\node.exe" "C:\\Program Files (x86)\\nodejs\\node_modules\\npm\\bin\\npm-cli.js" "run" "dev"
19 error node v5.8.0
20 error npm  v3.7.3
21 error code ELIFECYCLE
22 error Administrator@1.0.0 dev: `webpack`
22 error Exit status 1
23 error Failed at the Administrator@1.0.0 dev script 'webpack'.
23 error Make sure you have the latest version of node.js and npm installed.
23 error If you do, this is most likely a problem with the Administrator package,
23 error not with npm itself.
23 error Tell the author that this fails on your system:
23 error     webpack
23 error You can get information on how to open an issue for this project with:
23 error     npm bugs Administrator
23 error Or if that isn't available, you can get their info via:
23 error     npm owner ls Administrator
23 error There is likely additional logging output above.
24 verbose exit [ 1, true ]
